<?xml version="1.0" encoding="UTF-8"?>
<!-- Generated by org.testng.reporters.JUnitXMLReporter -->
<testsuite hostname="W00185VDI" ignored="0" name="Test" tests="13" failures="1" timestamp="04 Dec 2019 07:06:30 GMT" time="32.948" errors="0">
  <testcase name="checkContentType" time="0.009" classname="com.employeeapi.testcases.TC001_All_Employees"/>
  <testcase name="checkResponseBody" time="0.027" classname="com.employeeapi.testcases.TC001_All_Employees"/>
  <testcase name="checkServerType" time="0.001" classname="com.employeeapi.testcases.TC001_All_Employees"/>
  <testcase name="checkStatusCode" time="0.002" classname="com.employeeapi.testcases.TC001_All_Employees"/>
  <testcase name="checkStatusLine" time="0.001" classname="com.employeeapi.testcases.TC001_All_Employees"/>
  <testcase name="checkResponseBody" time="0.005" classname="com.employeeapi.testcases.TC005_Delete_Employee"/>
  <testcase name="checkStatusCode" time="0.003" classname="com.employeeapi.testcases.TC005_Delete_Employee"/>
  <testcase name="checkResponseBody" time="0.015" classname="com.employeeapi.testcases.TC002_Single_Employee"/>
  <testcase name="checkStatusCode" time="0.003" classname="com.employeeapi.testcases.TC002_Single_Employee"/>
  <testcase name="checkResponseBody" time="0.003" classname="com.employeeapi.testcases.TC004_Update_Employee">
    <failure type="java.lang.AssertionError" message="expected [true] but found [false]">
      <![CDATA[java.lang.AssertionError: expected [true] but found [false]
at com.employeeapi.testcases.TC004_Update_Employee.checkResponseBody(TC004_Update_Employee.java:51)
... Removed 31 stack frames]]>
    </failure>
  </testcase> <!-- checkResponseBody -->
  <testcase name="checkStatusCode" time="0.002" classname="com.employeeapi.testcases.TC004_Update_Employee"/>
  <testcase name="checkResponseBody" time="0.002" classname="com.employeeapi.testcases.TC003_Post_Employee"/>
  <testcase name="checkStatusCode" time="0.002" classname="com.employeeapi.testcases.TC003_Post_Employee"/>
</testsuite> <!-- Test -->
